f:\snake\snake\snake\debug\vc140.pdb
f:\snake\snake\snake\debug\vc140.idb
f:\snake\snake\snake\debug\snake.obj
f:\snake\snake\debug\snake.ilk
f:\snake\snake\debug\snake.exe
f:\snake\snake\debug\snake.pdb
f:\snake\snake\snake\debug\resource.res
f:\snake\snake\snake\debug\snake.res
f:\snake\snake\snake\debug\snake.resource.resources
f:\snake\snake\snake\debug\snake.vcxproj.generateresource.cache
f:\snake\snake\snake\debug\snake.tlog\cl.command.1.tlog
f:\snake\snake\snake\debug\snake.tlog\cl.read.1.tlog
f:\snake\snake\snake\debug\snake.tlog\cl.write.1.tlog
f:\snake\snake\snake\debug\snake.tlog\link.command.1.tlog
f:\snake\snake\snake\debug\snake.tlog\link.read.1.tlog
f:\snake\snake\snake\debug\snake.tlog\link.write.1.tlog
f:\snake\snake\snake\debug\snake.tlog\rc.command.1.tlog
f:\snake\snake\snake\debug\snake.tlog\rc.read.1.tlog
f:\snake\snake\snake\debug\snake.tlog\rc.write.1.tlog
f:\snake\snake\snake\debug\snake.tlog\snake.write.1u.tlog
